Virtuoso Framework License (111) was checked out successfully. Total checkout time was 0.02s.
Loading /escnfs/courses/fa22-cse-40462.01/dropbox/dgarci23/mips8/.simrc file.
*INFO* (icLic-302) License Virtuoso_Layout_Suite_GXL ("Layout GXL") was used to run Layout L.

Running simulation in directory: "/escnfs/courses/fa22-cse-40462.01/dropbox/dgarci23/mips8/LVS".



Begin netlist:    Apr 21 15:05:56 2023
	view name list	= ("auLvs" "extracted")
	stop name list	= ("auLvs")
	library name	= "lab4_dgarci23"
	cell name	= "mirror_FA"
	view name	= "layout"
	globals lib	= "basic"
Running Artist Flat Netlisting ...
End netlist:    Apr 21 15:05:57 2023

Moving original netlist to extNetlist
Removing parasitic components from netlist
	presistors removed:  0
	pcapacitors removed: 0
	pinductors removed:  0
	pdiodes removed:     0
	trans lines removed: 0
	16 nodes merged into 16 nodes


Begin netlist:    Apr 21 15:05:57 2023
	view name list	= ("auLvs" "cmos_sch" "schematic" "symbol")
	stop name list	= ("auLvs")
	library name	= "lab4_dgarci23"
	cell name	= "mirror_FA"
	view name	= "schematic"
	globals lib	= "basic"
Running Artist Flat Netlisting ...
*INFO* (icLic-302) License Virtuoso_Layout_Suite_GXL ("Layout GXL") was used to run Layout L.
End netlist:    Apr 21 15:05:57 2023

Moving original netlist to extNetlist
Removing parasitic components from netlist
	presistors removed:  0
	pcapacitors removed: 0
	pinductors removed:  0
	pdiodes removed:     0
	trans lines removed: 0
	18 nodes merged into 18 nodes

Running netlist comparison program:  LVS
Begin comparison:    Apr 21 15:05:57 2023
@(#)$CDS: LVS version 6.1.7-64b 12/16/2018 07:37 (sjfhw317) $

The net-lists match.

                             layout  schematic
                                instances
        un-matched              0       0      
        rewired                 0       0      
        size errors             0       0      
        pruned                  0       0      
        active                  24      24     
        total                   24      24     

                                  nets
        un-matched              0       0      
        merged                  0       0      
        pruned                  0       0      
        active                  16      16     
        total                   16      16     

                                terminals
        un-matched              0       0      
        matched but
        different type          0       0      
        total                   7       7      
End comparison:      Apr 21 15:05:58 2023
*INFO* (icLic-302) License Virtuoso_Layout_Suite_GXL ("Layout GXL") was used to run Layout L.


Comparison program completed successfully.
