\o Program:		@(#)$CDS: libManager version 6.1.7 - CAT35 10/30/2018 21:08 (sjfnl050) $
\o Sub version:		sub-version  s231 
\o Arguments:		-mpssession virtuoso10195 -mpshost student06.cse.nd.edu 
\o Working Directory:	student06.cse.nd.edu:/escnfs/courses/fa22-cse-40462.01/dropbox/dgarci23/mips8
\o 64-bit offsets
\o Qt version: 		4.8.5
\o Log file is "/escnfs/courses/fa22-cse-40462.01/dropbox/dgarci23/mips8/libManager.log".
\o Opening libManager window.
\o Loading customization file "./cdsLibMgr.il"
\o Loading NCSU Library Manager customizations...done.
\a nrSetCurrentWindow(cdsLibManager)
\a nrResizeWindow(cdsLibManager list(62 23 766 784))
\o changeWorkingDir("/escnfs/courses/fa22-cse-40462.01/dropbox/dgarci23/mips8") unnecessary.
\o ddSetForcedLib("") unnecessary.
\o MPS service: map window
\o Library Manager customization server connected.
\a nrResizeWindow(cdsLibManager list(99 133 766 784))
\a nrSetCurrentWindow(cdsLibManager)
\a cdsLibManager->libListBox->value = "lab2_dgarci23"
\a cdsLibManager->libLineEdit->value = "lab2_dgarci23"
\a lmgrLogShowPopup("mainListPopup0" 39 264 2 "lab2_dgarci23")
\a cdsLibManager->copySimpleButton->value = t
\a basicCopyForm->CategoryCellsEdit->value = "*"
\a basicCopyForm->CellsSkipLibraries->value = t
\a basicCopyForm->CellsSkipLibrariesEdit->value = "*"
\a basicCopyForm->CellsSkipLibrariesEdit->value = "*"
\a basicCopyForm->ViewsSkipLibraries->value = t
\a basicCopyForm->ViewsSkipLibrariesEdit->value = "*"
\a basicCopyForm->CopyFromLibrary->value = "NCSU_Analog_Parts"
\a basicCopyForm->CopyToLibrary->value = "NCSU_Analog_Parts"
\a basicCopyForm->CopyFromLibrary->value = "lab2_dgarci23"
\a basicCopyForm->CopyToLibrary->value = "lab2_dgarci23"
\a basicCopyForm->CellsSkipLibrariesEdit->value = ""
\a basicCopyForm->CellsSkipLibrariesEdit->value = "NCSU_Analog_Parts NCSU_Digital_Parts NCSU_TechLib_ami06 NCSU_TechLib_ami16 NCSU_TechLib_hp06 NCSU_TechLib_tsmc02 NCSU_TechLib_tsmc02d NCSU_TechLib_tsmc03 NCSU_TechLib_tsmc03d NCSU_TechLib_tsmc04_4M2P analogLib basic cdsDefTechLib functional lab1_dgarci23 sbaLib"
\a basicCopyForm->ViewsSkipLibrariesEdit->value = "NCSU_Analog_Parts NCSU_Digital_Parts NCSU_TechLib_ami06 NCSU_TechLib_ami16 NCSU_TechLib_hp06 NCSU_TechLib_tsmc02 NCSU_TechLib_tsmc02d NCSU_TechLib_tsmc03 NCSU_TechLib_tsmc03d NCSU_TechLib_tsmc04_4M2P analogLib basic cdsDefTechLib functional lab1_dgarci23 sbaLib"
\a nrSetWindowVisibility(basicCopyForm "show")
\a nrSetCurrentWindow(basicCopyForm)
\a nrResizeWindow(basicCopyForm list(329 272 306 367))
\a basicCopyForm->CopyToLibrary->value = "hw2_dgarci23"
\a basicCopyForm->UpdateInstances->value = t
\a basicCopyForm->Apply->value = t
\o Beginning simple copy to library "hw2_dgarci23".
\o Processing files to be copied...
\a nrSetWindowVisibility(workingDialogForm "show")
\a nrSetCurrentWindow(workingDialogForm)
\a nrResizeWindow(workingDialogForm list(345 350 274 133))
\a NewLibShell->newLibNameText->value = "hw2_dgarci23"
\o INFO (CLM-130): Your operation specified a new destination library.\n\nThis dialog requires you to specify the location where \nthe new library's directory will be created when OK'd.\n\nYou will not create a new library if this dialog is cancelled.
\a nrSetWindowVisibility(NewLibShell "show")
\a nrSetCurrentWindow(cdsLibManager)
\a nrSetCurrentWindow(NewLibShell)
\a nrSetCurrentWindow(NewLibShell->subDialog)
\a NewLibShell->QLineEdit2->value = "/escnfs/courses/fa22-cse-40462.01/dropbox/dgarci23/mips8/"
\a nrResizeWindow(NewLibShell->subDialog list(0 0 459 273))
\a nrResizeWindow(NewLibShell list(0 0 507 690))
\a NewLibShell->newLibOKButton->value = t
\a NewLibShell->subDialog->value = '("/escnfs/courses/fa22-cse-40462.01/dropbox/dgarci23/mips8" "/escnfs/courses/fa22-cse-40462.01/dropbox/dgarci23/mips8/")
\a nrSetWindowVisibility(workingDialogForm "show")
\a nrSetCurrentWindow(workingDialogForm)
\a nrSetCurrentWindow(NewLibShell)
\a nrSetCurrentWindow(NewLibShell->subDialog)
\o Created new library "hw2_dgarci23" at /escnfs/courses/fa22-cse-40462.01/dropbox/dgarci23/mips8/hw2_dgarci23.
\a nrSetWindowVisibility(workingDialogForm "show")
\a nrSetCurrentWindow(cdsLibManager)
\a nrSetCurrentWindow(workingDialogForm)
\a nrResizeWindow(workingDialogForm list(314 419 317 133))
\a cdsLibManager->libListBox->value = nil
\a cdsLibManager->libLineEdit->value = ""
\a cdsLibManager->libListBox->value = "lab2_dgarci23"
\a cdsLibManager->libLineEdit->value = "lab2_dgarci23"
\o Batching session updates...
\a cdsLibManager->libListBox->value = nil
\a cdsLibManager->libLineEdit->value = ""
\a cdsLibManager->libListBox->value = "lab2_dgarci23"
\a cdsLibManager->libLineEdit->value = "lab2_dgarci23"
\a nrSetCurrentWindow(cdsLibManager)
\a cdsLibManager->libListBox->value = "hw2_dgarci23"
\a cdsLibManager->libLineEdit->value = "hw2_dgarci23"
\a cdsLibManager->libListBox->value = "lab1_dgarci23"
\a cdsLibManager->libLineEdit->value = "lab1_dgarci23"
\a cdsLibManager->libListBox->value = "hw2_dgarci23"
\a cdsLibManager->libLineEdit->value = "hw2_dgarci23"
\a cdsLibManager->libListBox->value = "lab1_dgarci23"
\a cdsLibManager->libLineEdit->value = "lab1_dgarci23"
\a cdsLibManager->libListBox->value = "hw2_dgarci23"
\a cdsLibManager->libLineEdit->value = "hw2_dgarci23"
\a cdsLibManager->libListBox->value = "lab1_dgarci23"
\a cdsLibManager->libLineEdit->value = "lab1_dgarci23"
\a cdsLibManager->libListBox->value = "hw2_dgarci23"
\a cdsLibManager->libLineEdit->value = "hw2_dgarci23"
\a cdsLibManager->libListBox->value = "lab1_dgarci23"
\a cdsLibManager->libLineEdit->value = "lab1_dgarci23"
\a cdsLibManager->libListBox->value = "hw2_dgarci23"
\a cdsLibManager->libLineEdit->value = "hw2_dgarci23"
\a cdsLibManager->libListBox->value = "lab1_dgarci23"
\a cdsLibManager->libLineEdit->value = "lab1_dgarci23"
\a nrResizeWindow(cdsLibManager list(986 19 924 1016))
\a nrResizeWindow(cdsLibManager list(62 19 924 1016))
\a nrSetCurrentWindow(cdsLibManager)
\a cdsLibManager->libListBox->value = "lab2_dgarci23"
\a cdsLibManager->libLineEdit->value = "lab2_dgarci23"
\a cdsLibManager->libListBox->value = "hw2_dgarci23"
\a cdsLibManager->libLineEdit->value = "hw2_dgarci23"
\a cdsLibManager->cellListBox->value = "nand2"
\a cdsLibManager->cellLineEdit->value = "nand2"
\a cdsLibManager->viewListBox->value = "schematic"
\a cdsLibManager->viewLineEdit->value = "schematic"
\a cdsLibManager->viewListBox->value = nil
\a cdsLibManager->viewLineEdit->value = ""
\a cdsLibManager->viewListBox->value = "schematic"
\a cdsLibManager->viewLineEdit->value = "schematic"
\o MPS request: edit design
\a nrListItemAction(cdsLibManager->gdmXTView 0 0)
\a cdsLibManager->libListBox->value = nil
\a cdsLibManager->libLineEdit->value = ""
\a cdsLibManager->cellListBox->value = nil
\a cdsLibManager->viewLineEdit->value = ""
\a cdsLibManager->viewListBox->value = nil
\a cdsLibManager->cellLineEdit->value = ""
\a cdsLibManager->libListBox->value = "hw2_dgarci23"
\a cdsLibManager->libLineEdit->value = "hw2_dgarci23"
\a cdsLibManager->cellListBox->value = "nand2"
\a cdsLibManager->cellLineEdit->value = "nand2"
\a cdsLibManager->viewListBox->value = "schematic"
\a cdsLibManager->viewLineEdit->value = "schematic"
\a cdsLibManager->viewLineEdit->value = ""
\a cdsLibManager->viewListBox->value = nil
\a cdsLibManager->viewListBox->value = "schematic"
\a cdsLibManager->viewLineEdit->value = "schematic"
\a nrSetCurrentWindow(cdsLibManager)
\a nrSetCurrentWindow(cdsLibManager)
\a cdsLibManager->FileNewCVButton->value = t
\a nrSetCurrentWindow(cdsLibManager)
\a nrSetCurrentWindow(cdsLibManager)
\a nrSetCurrentWindow(cdsLibManager)
\a cdsLibManager->fileExitButton->value = t
\o libManager is exiting.
\a nrSetWindowVisibility(cdsLibManager "hide")
\a exit(0)
